<?xml version="1.0" encoding="UTF-8"?>
<testsuite xmlns:xsi="http://www.w3.org/2001/XMLSchema-instance" xsi:noNamespaceSchemaLocation="https://maven.apache.org/surefire/maven-surefire-plugin/xsd/surefire-test-report.xsd" name="cbd.lab2.AppTest" time="0.022" tests="1" errors="0" skipped="0" failures="0">
  <properties>
    <property name="sun.desktop" value="gnome"/>
    <property name="awt.toolkit" value="sun.awt.X11.XToolkit"/>
    <property name="java.specification.version" value="11"/>
    <property name="sun.cpu.isalist" value=""/>
    <property name="sun.jnu.encoding" value="UTF-8"/>
    <property name="java.class.path" value="/home/alexis/Desktop/CBD/lab2/lab2.4/using-mongo-java-drivers/target/test-classes:/home/alexis/Desktop/CBD/lab2/lab2.4/using-mongo-java-drivers/target/classes:/home/alexis/.m2/repository/junit/junit/4.11/junit-4.11.jar:/home/alexis/.m2/repository/org/hamcrest/hamcrest-core/1.3/hamcrest-core-1.3.jar:/home/alexis/.m2/repository/org/mongodb/mongodb-driver-sync/4.1.1/mongodb-driver-sync-4.1.1.jar:/home/alexis/.m2/repository/org/mongodb/bson/4.1.1/bson-4.1.1.jar:/home/alexis/.m2/repository/org/mongodb/mongodb-driver-core/4.1.1/mongodb-driver-core-4.1.1.jar:/home/alexis/.m2/repository/org/slf4j/slf4j-simple/1.7.5/slf4j-simple-1.7.5.jar:/home/alexis/.m2/repository/org/slf4j/slf4j-api/1.7.5/slf4j-api-1.7.5.jar:"/>
    <property name="java.vm.vendor" value="Ubuntu"/>
    <property name="sun.arch.data.model" value="64"/>
    <property name="java.vendor.url" value="https://ubuntu.com/"/>
    <property name="user.timezone" value=""/>
    <property name="user.country.format" value="PT"/>
    <property name="java.vm.specification.version" value="11"/>
    <property name="os.name" value="Linux"/>
    <property name="sun.java.launcher" value="SUN_STANDARD"/>
    <property name="user.country" value="US"/>
    <property name="sun.boot.library.path" value="/usr/lib/jvm/java-11-openjdk-amd64/lib"/>
    <property name="sun.java.command" value="/home/alexis/Desktop/CBD/lab2/lab2.4/using-mongo-java-drivers/target/surefire/surefirebooter4238739248537560095.jar /home/alexis/Desktop/CBD/lab2/lab2.4/using-mongo-java-drivers/target/surefire 2020-11-22T00-09-24_981-jvmRun1 surefire11005010986610889512tmp surefire_011658501707155962120tmp"/>
    <property name="jdk.debug" value="release"/>
    <property name="surefire.test.class.path" value="/home/alexis/Desktop/CBD/lab2/lab2.4/using-mongo-java-drivers/target/test-classes:/home/alexis/Desktop/CBD/lab2/lab2.4/using-mongo-java-drivers/target/classes:/home/alexis/.m2/repository/junit/junit/4.11/junit-4.11.jar:/home/alexis/.m2/repository/org/hamcrest/hamcrest-core/1.3/hamcrest-core-1.3.jar:/home/alexis/.m2/repository/org/mongodb/mongodb-driver-sync/4.1.1/mongodb-driver-sync-4.1.1.jar:/home/alexis/.m2/repository/org/mongodb/bson/4.1.1/bson-4.1.1.jar:/home/alexis/.m2/repository/org/mongodb/mongodb-driver-core/4.1.1/mongodb-driver-core-4.1.1.jar:/home/alexis/.m2/repository/org/slf4j/slf4j-simple/1.7.5/slf4j-simple-1.7.5.jar:/home/alexis/.m2/repository/org/slf4j/slf4j-api/1.7.5/slf4j-api-1.7.5.jar:"/>
    <property name="sun.cpu.endian" value="little"/>
    <property name="user.home" value="/home/alexis"/>
    <property name="user.language" value="en"/>
    <property name="java.specification.vendor" value="Oracle Corporation"/>
    <property name="java.version.date" value="2020-11-04"/>
    <property name="java.home" value="/usr/lib/jvm/java-11-openjdk-amd64"/>
    <property name="file.separator" value="/"/>
    <property name="basedir" value="/home/alexis/Desktop/CBD/lab2/lab2.4/using-mongo-java-drivers"/>
    <property name="java.vm.compressedOopsMode" value="32-bit"/>
    <property name="line.separator" value="&#10;"/>
    <property name="java.specification.name" value="Java Platform API Specification"/>
    <property name="java.vm.specification.vendor" value="Oracle Corporation"/>
    <property name="java.awt.graphicsenv" value="sun.awt.X11GraphicsEnvironment"/>
    <property name="surefire.real.class.path" value="/home/alexis/Desktop/CBD/lab2/lab2.4/using-mongo-java-drivers/target/surefire/surefirebooter4238739248537560095.jar"/>
    <property name="sun.management.compiler" value="HotSpot 64-Bit Tiered Compilers"/>
    <property name="java.runtime.version" value="11.0.9.1+1-Ubuntu-0ubuntu1.20.04"/>
    <property name="user.name" value="alexis"/>
    <property name="path.separator" value=":"/>
    <property name="os.version" value="5.4.0-53-generic"/>
    <property name="java.runtime.name" value="OpenJDK Runtime Environment"/>
    <property name="file.encoding" value="UTF-8"/>
    <property name="java.vm.name" value="OpenJDK 64-Bit Server VM"/>
    <property name="localRepository" value="/home/alexis/.m2/repository"/>
    <property name="java.vendor.url.bug" value="https://bugs.launchpad.net/ubuntu/+source/openjdk-lts"/>
    <property name="java.io.tmpdir" value="/tmp"/>
    <property name="java.version" value="11.0.9.1"/>
    <property name="user.dir" value="/home/alexis/Desktop/CBD/lab2/lab2.4/using-mongo-java-drivers"/>
    <property name="os.arch" value="amd64"/>
    <property name="java.vm.specification.name" value="Java Virtual Machine Specification"/>
    <property name="java.awt.printerjob" value="sun.print.PSPrinterJob"/>
    <property name="user.language.format" value="pt"/>
    <property name="sun.os.patch.level" value="unknown"/>
    <property name="java.library.path" value="/usr/java/packages/lib:/usr/lib/x86_64-linux-gnu/jni:/lib/x86_64-linux-gnu:/usr/lib/x86_64-linux-gnu:/usr/lib/jni:/lib:/usr/lib"/>
    <property name="java.vm.info" value="mixed mode, sharing"/>
    <property name="java.vendor" value="Ubuntu"/>
    <property name="java.vm.version" value="11.0.9.1+1-Ubuntu-0ubuntu1.20.04"/>
    <property name="sun.io.unicode.encoding" value="UnicodeLittle"/>
    <property name="java.class.version" value="55.0"/>
  </properties>
  <testcase name="shouldAnswerWithTrue" classname="cbd.lab2.AppTest" time="0.002"/>
</testsuite>